{
  "src/IPermissions.sol": {
    "l": {},
    "path": "/home/gia/Desktop/NFT-Marketplace/packages/contracts/src/IPermissions.sol",
    "s": {},
    "b": {},
    "f": {},
    "fnMap": {},
    "statementMap": {},
    "branchMap": {}
  },
  "src/Mock/MockERC1155.sol": {
    "l": { "10": 3, "11": 3 },
    "path": "/home/gia/Desktop/NFT-Marketplace/packages/contracts/src/Mock/MockERC1155.sol",
    "s": { "1": 3, "2": 3 },
    "b": {},
    "f": { "1": 1, "2": 3 },
    "fnMap": {
      "1": {
        "name": "constructor",
        "line": 7,
        "loc": { "start": { "line": 7, "column": 4 }, "end": { "line": 7, "column": 69 } }
      },
      "2": { "name": "mint", "line": 9, "loc": { "start": { "line": 9, "column": 4 }, "end": { "line": 12, "column": 4 } } }
    },
    "statementMap": {
      "1": { "start": { "line": 10, "column": 8 }, "end": { "line": 10, "column": 37 } },
      "2": { "start": { "line": 11, "column": 8 }, "end": { "line": 11, "column": 22 } }
    },
    "branchMap": {}
  },
  "src/Mock/MockERC721.sol": {
    "l": { "10": 3, "11": 3 },
    "path": "/home/gia/Desktop/NFT-Marketplace/packages/contracts/src/Mock/MockERC721.sol",
    "s": { "1": 3, "2": 3 },
    "b": {},
    "f": { "1": 1, "2": 3 },
    "fnMap": {
      "1": {
        "name": "constructor",
        "line": 7,
        "loc": { "start": { "line": 7, "column": 4 }, "end": { "line": 7, "column": 48 } }
      },
      "2": { "name": "mint", "line": 9, "loc": { "start": { "line": 9, "column": 4 }, "end": { "line": 12, "column": 4 } } }
    },
    "statementMap": {
      "1": { "start": { "line": 10, "column": 8 }, "end": { "line": 10, "column": 25 } },
      "2": { "start": { "line": 11, "column": 8 }, "end": { "line": 11, "column": 22 } }
    },
    "branchMap": {}
  },
  "src/Mock/MockToken.sol": {
    "l": { "18": 0, "22": 0, "26": 0, "27": 0, "29": 0, "30": 0, "32": 0 },
    "path": "/home/gia/Desktop/NFT-Marketplace/packages/contracts/src/Mock/MockToken.sol",
    "s": { "1": 0, "2": 0, "3": 0, "4": 0, "5": 0, "6": 0 },
    "b": { "1": [0, 0], "2": [0, 0], "3": [0, 0] },
    "f": { "1": 4, "2": 0, "3": 0, "4": 0 },
    "fnMap": {
      "1": {
        "name": "constructor",
        "line": 15,
        "loc": { "start": { "line": 15, "column": 4 }, "end": { "line": 15, "column": 87 } }
      },
      "2": { "name": "mint", "line": 17, "loc": { "start": { "line": 17, "column": 4 }, "end": { "line": 19, "column": 4 } } },
      "3": {
        "name": "setTransferFailType",
        "line": 21,
        "loc": { "start": { "line": 21, "column": 4 }, "end": { "line": 23, "column": 4 } }
      },
      "4": {
        "name": "transferFrom",
        "line": 25,
        "loc": { "start": { "line": 25, "column": 4 }, "end": { "line": 33, "column": 4 } }
      }
    },
    "statementMap": {
      "1": { "start": { "line": 18, "column": 8 }, "end": { "line": 18, "column": 24 } },
      "2": { "start": { "line": 26, "column": 8 }, "end": { "line": 26, "column": 759 } },
      "3": { "start": { "line": 27, "column": 12 }, "end": { "line": 27, "column": 44 } },
      "4": { "start": { "line": 29, "column": 8 }, "end": { "line": 29, "column": 872 } },
      "5": { "start": { "line": 30, "column": 12 }, "end": { "line": 30, "column": 40 } },
      "6": { "start": { "line": 32, "column": 8 }, "end": { "line": 32, "column": 60 } }
    },
    "branchMap": {
      "1": {
        "line": 17,
        "type": "if",
        "locations": [
          { "start": { "line": 17, "column": 53 }, "end": { "line": 17, "column": 53 } },
          { "start": { "line": 17, "column": 53 }, "end": { "line": 17, "column": 53 } }
        ]
      },
      "2": {
        "line": 26,
        "type": "if",
        "locations": [
          { "start": { "line": 26, "column": 8 }, "end": { "line": 26, "column": 8 } },
          { "start": { "line": 26, "column": 8 }, "end": { "line": 26, "column": 8 } }
        ]
      },
      "3": {
        "line": 29,
        "type": "if",
        "locations": [
          { "start": { "line": 29, "column": 8 }, "end": { "line": 29, "column": 8 } },
          { "start": { "line": 29, "column": 8 }, "end": { "line": 29, "column": 8 } }
        ]
      }
    }
  },
  "src/Permissions.sol": {
    "l": {
      "44": 1,
      "45": 1,
      "46": 1,
      "47": 1,
      "52": 2,
      "53": 4,
      "54": 4,
      "59": 1,
      "60": 2,
      "61": 2,
      "67": 4,
      "68": 4,
      "69": 4,
      "74": 1,
      "75": 1,
      "76": 1,
      "82": 3,
      "83": 3,
      "84": 3,
      "89": 1,
      "90": 1,
      "91": 1,
      "97": 2,
      "98": 2,
      "99": 2,
      "104": 1,
      "105": 1,
      "106": 1,
      "112": 3,
      "113": 3,
      "114": 3,
      "119": 1,
      "120": 1,
      "121": 1,
      "126": 71,
      "132": 38,
      "133": 4,
      "136": 67,
      "141": 4,
      "142": 5,
      "143": 5,
      "148": 4,
      "149": 3,
      "151": 2,
      "156": 8,
      "157": 7,
      "159": 6,
      "160": 6,
      "162": 6,
      "163": 2,
      "165": 2,
      "168": 2,
      "171": 2
    },
    "path": "/home/gia/Desktop/NFT-Marketplace/packages/contracts/src/Permissions.sol",
    "s": {
      "1": 1,
      "2": 1,
      "3": 1,
      "4": 1,
      "5": 2,
      "6": 4,
      "7": 1,
      "8": 2,
      "9": 4,
      "10": 4,
      "11": 4,
      "12": 1,
      "13": 1,
      "14": 1,
      "15": 3,
      "16": 3,
      "17": 3,
      "18": 1,
      "19": 1,
      "20": 1,
      "21": 2,
      "22": 2,
      "23": 2,
      "24": 1,
      "25": 1,
      "26": 1,
      "27": 3,
      "28": 3,
      "29": 3,
      "30": 1,
      "31": 1,
      "32": 1,
      "33": 71,
      "34": 38,
      "35": 4,
      "36": 67,
      "37": 4,
      "38": 5,
      "39": 5,
      "40": 4,
      "41": 3,
      "42": 2,
      "43": 8,
      "44": 7,
      "45": 6,
      "46": 6,
      "47": 6,
      "48": 2,
      "49": 4,
      "50": 2,
      "51": 2,
      "52": 2
    },
    "b": {
      "1": [2, 1],
      "2": [1, 1],
      "3": [4, 1],
      "4": [1, 1],
      "5": [3, 1],
      "6": [1, 1],
      "7": [2, 1],
      "8": [1, 1],
      "9": [3, 1],
      "10": [1, 1],
      "11": [38, 33],
      "12": [8, 7],
      "13": [7, 8],
      "14": [8, 15],
      "15": [4, 34],
      "16": [4, 1],
      "17": [2, 1],
      "18": [1, 1],
      "19": [3, 1],
      "20": [2, 1],
      "21": [7, 1],
      "22": [6, 1],
      "23": [2, 4],
      "24": [1, 1],
      "25": [2, 2],
      "26": [1, 1]
    },
    "f": { "1": 1, "2": 2, "3": 1, "4": 4, "5": 1, "6": 3, "7": 1, "8": 2, "9": 1, "10": 3, "11": 1, "12": 71, "13": 4, "14": 8 },
    "fnMap": {
      "1": {
        "name": "constructor",
        "line": 43,
        "loc": { "start": { "line": 43, "column": 4 }, "end": { "line": 48, "column": 4 } }
      },
      "2": {
        "name": "addCurrency",
        "line": 51,
        "loc": { "start": { "line": 51, "column": 4 }, "end": { "line": 56, "column": 4 } }
      },
      "3": {
        "name": "removeCurrency",
        "line": 58,
        "loc": { "start": { "line": 58, "column": 4 }, "end": { "line": 63, "column": 4 } }
      },
      "4": {
        "name": "assignNFTRole",
        "line": 66,
        "loc": { "start": { "line": 66, "column": 4 }, "end": { "line": 71, "column": 4 } }
      },
      "5": {
        "name": "revokeNFTRole",
        "line": 73,
        "loc": { "start": { "line": 73, "column": 4 }, "end": { "line": 78, "column": 4 } }
      },
      "6": {
        "name": "assignListingRole",
        "line": 81,
        "loc": { "start": { "line": 81, "column": 4 }, "end": { "line": 86, "column": 4 } }
      },
      "7": {
        "name": "revokeListingRole",
        "line": 88,
        "loc": { "start": { "line": 88, "column": 4 }, "end": { "line": 93, "column": 4 } }
      },
      "8": {
        "name": "assignAuctionRole",
        "line": 96,
        "loc": { "start": { "line": 96, "column": 4 }, "end": { "line": 101, "column": 4 } }
      },
      "9": {
        "name": "revokeAuctionRole",
        "line": 103,
        "loc": { "start": { "line": 103, "column": 4 }, "end": { "line": 108, "column": 4 } }
      },
      "10": {
        "name": "assignOfferRole",
        "line": 111,
        "loc": { "start": { "line": 111, "column": 4 }, "end": { "line": 116, "column": 4 } }
      },
      "11": {
        "name": "revokeOfferRole",
        "line": 118,
        "loc": { "start": { "line": 118, "column": 4 }, "end": { "line": 123, "column": 4 } }
      },
      "12": {
        "name": "hasRole",
        "line": 125,
        "loc": { "start": { "line": 125, "column": 4 }, "end": { "line": 137, "column": 4 } }
      },
      "13": {
        "name": "requestUserRoles",
        "line": 140,
        "loc": { "start": { "line": 140, "column": 4 }, "end": { "line": 153, "column": 4 } }
      },
      "14": {
        "name": "requestNFTRole",
        "line": 155,
        "loc": { "start": { "line": 155, "column": 4 }, "end": { "line": 172, "column": 4 } }
      }
    },
    "statementMap": {
      "1": { "start": { "line": 44, "column": 8 }, "end": { "line": 44, "column": 44 } },
      "2": { "start": { "line": 45, "column": 8 }, "end": { "line": 45, "column": 42 } },
      "3": { "start": { "line": 46, "column": 8 }, "end": { "line": 46, "column": 43 } },
      "4": { "start": { "line": 47, "column": 8 }, "end": { "line": 47, "column": 46 } },
      "5": { "start": { "line": 52, "column": 8 }, "end": { "line": 52, "column": 2116 } },
      "6": { "start": { "line": 54, "column": 12 }, "end": { "line": 54, "column": 46 } },
      "7": { "start": { "line": 59, "column": 8 }, "end": { "line": 59, "column": 2398 } },
      "8": { "start": { "line": 61, "column": 12 }, "end": { "line": 61, "column": 48 } },
      "9": { "start": { "line": 67, "column": 8 }, "end": { "line": 67, "column": 2687 } },
      "10": { "start": { "line": 68, "column": 12 }, "end": { "line": 68, "column": 41 } },
      "11": { "start": { "line": 69, "column": 12 }, "end": { "line": 69, "column": 42 } },
      "12": { "start": { "line": 74, "column": 8 }, "end": { "line": 74, "column": 2934 } },
      "13": { "start": { "line": 75, "column": 12 }, "end": { "line": 75, "column": 42 } },
      "14": { "start": { "line": 76, "column": 12 }, "end": { "line": 76, "column": 41 } },
      "15": { "start": { "line": 82, "column": 8 }, "end": { "line": 82, "column": 3208 } },
      "16": { "start": { "line": 83, "column": 12 }, "end": { "line": 83, "column": 49 } },
      "17": { "start": { "line": 84, "column": 12 }, "end": { "line": 84, "column": 50 } },
      "18": { "start": { "line": 89, "column": 8 }, "end": { "line": 89, "column": 3482 } },
      "19": { "start": { "line": 90, "column": 12 }, "end": { "line": 90, "column": 50 } },
      "20": { "start": { "line": 91, "column": 12 }, "end": { "line": 91, "column": 49 } },
      "21": { "start": { "line": 97, "column": 8 }, "end": { "line": 97, "column": 3776 } },
      "22": { "start": { "line": 98, "column": 12 }, "end": { "line": 98, "column": 49 } },
      "23": { "start": { "line": 99, "column": 12 }, "end": { "line": 99, "column": 50 } },
      "24": { "start": { "line": 104, "column": 8 }, "end": { "line": 104, "column": 4050 } },
      "25": { "start": { "line": 105, "column": 12 }, "end": { "line": 105, "column": 50 } },
      "26": { "start": { "line": 106, "column": 12 }, "end": { "line": 106, "column": 49 } },
      "27": { "start": { "line": 112, "column": 8 }, "end": { "line": 112, "column": 4340 } },
      "28": { "start": { "line": 113, "column": 12 }, "end": { "line": 113, "column": 47 } },
      "29": { "start": { "line": 114, "column": 12 }, "end": { "line": 114, "column": 48 } },
      "30": { "start": { "line": 119, "column": 8 }, "end": { "line": 119, "column": 4608 } },
      "31": { "start": { "line": 120, "column": 12 }, "end": { "line": 120, "column": 48 } },
      "32": { "start": { "line": 121, "column": 12 }, "end": { "line": 121, "column": 47 } },
      "33": { "start": { "line": 126, "column": 8 }, "end": { "line": 126, "column": 4869 } },
      "34": { "start": { "line": 132, "column": 12 }, "end": { "line": 132, "column": 5037 } },
      "35": { "start": { "line": 133, "column": 16 }, "end": { "line": 133, "column": 27 } },
      "36": { "start": { "line": 136, "column": 8 }, "end": { "line": 136, "column": 43 } },
      "37": { "start": { "line": 141, "column": 6 }, "end": { "line": 141, "column": 5268 } },
      "38": { "start": { "line": 142, "column": 10 }, "end": { "line": 142, "column": 33 } },
      "39": { "start": { "line": 143, "column": 10 }, "end": { "line": 143, "column": 5357 } },
      "40": { "start": { "line": 148, "column": 10 }, "end": { "line": 148, "column": 83 } },
      "41": { "start": { "line": 149, "column": 10 }, "end": { "line": 149, "column": 68 } },
      "42": { "start": { "line": 151, "column": 10 }, "end": { "line": 151, "column": 46 } },
      "43": { "start": { "line": 156, "column": 8 }, "end": { "line": 156, "column": 89 } },
      "44": { "start": { "line": 157, "column": 8 }, "end": { "line": 157, "column": 74 } },
      "45": { "start": { "line": 159, "column": 8 }, "end": { "line": 159, "column": 90 } },
      "46": { "start": { "line": 160, "column": 8 }, "end": { "line": 160, "column": 92 } },
      "47": { "start": { "line": 162, "column": 8 }, "end": { "line": 162, "column": 6162 } },
      "48": { "start": { "line": 163, "column": 12 }, "end": { "line": 163, "column": 105 } },
      "49": { "start": { "line": 164, "column": 15 }, "end": { "line": 164, "column": 6301 } },
      "50": { "start": { "line": 165, "column": 12 }, "end": { "line": 165, "column": 108 } },
      "51": { "start": { "line": 168, "column": 12 }, "end": { "line": 168, "column": 38 } },
      "52": { "start": { "line": 171, "column": 8 }, "end": { "line": 171, "column": 63 } }
    },
    "branchMap": {
      "1": {
        "line": 51,
        "type": "if",
        "locations": [
          { "start": { "line": 51, "column": 66 }, "end": { "line": 51, "column": 66 } },
          { "start": { "line": 51, "column": 66 }, "end": { "line": 51, "column": 66 } }
        ]
      },
      "2": {
        "line": 58,
        "type": "if",
        "locations": [
          { "start": { "line": 58, "column": 69 }, "end": { "line": 58, "column": 69 } },
          { "start": { "line": 58, "column": 69 }, "end": { "line": 58, "column": 69 } }
        ]
      },
      "3": {
        "line": 66,
        "type": "if",
        "locations": [
          { "start": { "line": 66, "column": 62 }, "end": { "line": 66, "column": 62 } },
          { "start": { "line": 66, "column": 62 }, "end": { "line": 66, "column": 62 } }
        ]
      },
      "4": {
        "line": 73,
        "type": "if",
        "locations": [
          { "start": { "line": 73, "column": 62 }, "end": { "line": 73, "column": 62 } },
          { "start": { "line": 73, "column": 62 }, "end": { "line": 73, "column": 62 } }
        ]
      },
      "5": {
        "line": 81,
        "type": "if",
        "locations": [
          { "start": { "line": 81, "column": 70 }, "end": { "line": 81, "column": 70 } },
          { "start": { "line": 81, "column": 70 }, "end": { "line": 81, "column": 70 } }
        ]
      },
      "6": {
        "line": 88,
        "type": "if",
        "locations": [
          { "start": { "line": 88, "column": 70 }, "end": { "line": 88, "column": 70 } },
          { "start": { "line": 88, "column": 70 }, "end": { "line": 88, "column": 70 } }
        ]
      },
      "7": {
        "line": 96,
        "type": "if",
        "locations": [
          { "start": { "line": 96, "column": 70 }, "end": { "line": 96, "column": 70 } },
          { "start": { "line": 96, "column": 70 }, "end": { "line": 96, "column": 70 } }
        ]
      },
      "8": {
        "line": 103,
        "type": "if",
        "locations": [
          { "start": { "line": 103, "column": 70 }, "end": { "line": 103, "column": 70 } },
          { "start": { "line": 103, "column": 70 }, "end": { "line": 103, "column": 70 } }
        ]
      },
      "9": {
        "line": 111,
        "type": "if",
        "locations": [
          { "start": { "line": 111, "column": 68 }, "end": { "line": 111, "column": 68 } },
          { "start": { "line": 111, "column": 68 }, "end": { "line": 111, "column": 68 } }
        ]
      },
      "10": {
        "line": 118,
        "type": "if",
        "locations": [
          { "start": { "line": 118, "column": 68 }, "end": { "line": 118, "column": 68 } },
          { "start": { "line": 118, "column": 68 }, "end": { "line": 118, "column": 68 } }
        ]
      },
      "11": {
        "line": 126,
        "type": "if",
        "locations": [
          { "start": { "line": 126, "column": 8 }, "end": { "line": 126, "column": 8 } },
          { "start": { "line": 126, "column": 8 }, "end": { "line": 126, "column": 8 } }
        ]
      },
      "12": {
        "line": 127,
        "type": "cond-expr",
        "locations": [
          { "start": { "line": 127, "column": 12 }, "end": { "line": 127, "column": 31 } },
          { "start": { "line": 128, "column": 12 }, "end": { "line": 128, "column": 31 } }
        ]
      },
      "13": {
        "line": 127,
        "type": "cond-expr",
        "locations": [
          { "start": { "line": 127, "column": 12 }, "end": { "line": 128, "column": 31 } },
          { "start": { "line": 129, "column": 12 }, "end": { "line": 129, "column": 29 } }
        ]
      },
      "14": {
        "line": 127,
        "type": "cond-expr",
        "locations": [
          { "start": { "line": 127, "column": 12 }, "end": { "line": 129, "column": 29 } },
          { "start": { "line": 130, "column": 12 }, "end": { "line": 130, "column": 27 } }
        ]
      },
      "15": {
        "line": 132,
        "type": "if",
        "locations": [
          { "start": { "line": 132, "column": 12 }, "end": { "line": 132, "column": 12 } },
          { "start": { "line": 132, "column": 12 }, "end": { "line": 132, "column": 12 } }
        ]
      },
      "16": {
        "line": 143,
        "type": "if",
        "locations": [
          { "start": { "line": 143, "column": 10 }, "end": { "line": 143, "column": 10 } },
          { "start": { "line": 143, "column": 10 }, "end": { "line": 143, "column": 10 } }
        ]
      },
      "17": {
        "line": 144,
        "type": "cond-expr",
        "locations": [
          { "start": { "line": 144, "column": 14 }, "end": { "line": 144, "column": 33 } },
          { "start": { "line": 144, "column": 38 }, "end": { "line": 144, "column": 57 } }
        ]
      },
      "18": {
        "line": 144,
        "type": "cond-expr",
        "locations": [
          { "start": { "line": 144, "column": 14 }, "end": { "line": 144, "column": 57 } },
          { "start": { "line": 144, "column": 62 }, "end": { "line": 144, "column": 79 } }
        ]
      },
      "19": {
        "line": 148,
        "type": "if",
        "locations": [
          { "start": { "line": 148, "column": 10 }, "end": { "line": 148, "column": 10 } },
          { "start": { "line": 148, "column": 10 }, "end": { "line": 148, "column": 10 } }
        ]
      },
      "20": {
        "line": 149,
        "type": "if",
        "locations": [
          { "start": { "line": 149, "column": 10 }, "end": { "line": 149, "column": 10 } },
          { "start": { "line": 149, "column": 10 }, "end": { "line": 149, "column": 10 } }
        ]
      },
      "21": {
        "line": 156,
        "type": "if",
        "locations": [
          { "start": { "line": 156, "column": 8 }, "end": { "line": 156, "column": 8 } },
          { "start": { "line": 156, "column": 8 }, "end": { "line": 156, "column": 8 } }
        ]
      },
      "22": {
        "line": 157,
        "type": "if",
        "locations": [
          { "start": { "line": 157, "column": 8 }, "end": { "line": 157, "column": 8 } },
          { "start": { "line": 157, "column": 8 }, "end": { "line": 157, "column": 8 } }
        ]
      },
      "23": {
        "line": 162,
        "type": "if",
        "locations": [
          { "start": { "line": 162, "column": 8 }, "end": { "line": 162, "column": 8 } },
          { "start": { "line": 162, "column": 8 }, "end": { "line": 162, "column": 8 } }
        ]
      },
      "24": {
        "line": 163,
        "type": "if",
        "locations": [
          { "start": { "line": 163, "column": 12 }, "end": { "line": 163, "column": 12 } },
          { "start": { "line": 163, "column": 12 }, "end": { "line": 163, "column": 12 } }
        ]
      },
      "25": {
        "line": 164,
        "type": "if",
        "locations": [
          { "start": { "line": 164, "column": 15 }, "end": { "line": 164, "column": 15 } },
          { "start": { "line": 164, "column": 15 }, "end": { "line": 164, "column": 15 } }
        ]
      },
      "26": {
        "line": 165,
        "type": "if",
        "locations": [
          { "start": { "line": 165, "column": 12 }, "end": { "line": 165, "column": 12 } },
          { "start": { "line": 165, "column": 12 }, "end": { "line": 165, "column": 12 } }
        ]
      }
    }
  }
}
