{
  "src/Listing.sol": {
    "l": {
      "89": 1,
      "93": 64,
      "94": 62,
      "95": 60,
      "96": 58,
      "97": 56,
      "98": 54,
      "102": 71,
      "103": 65,
      "107": 6,
      "108": 4,
      "109": 2,
      "113": 33,
      "114": 32,
      "115": 30,
      "117": 30,
      "121": 50,
      "123": 50,
      "124": 50,
      "126": 50,
      "128": 50,
      "142": 50,
      "143": 50,
      "145": 50,
      "157": 50,
      "161": 50,
      "162": 50,
      "163": 46,
      "165": 4,
      "166": 4,
      "174": 3,
      "176": 3,
      "177": 2,
      "179": 1,
      "180": 1,
      "181": 1,
      "182": 1,
      "183": 1,
      "184": 1,
      "185": 1,
      "186": 1,
      "188": 1,
      "202": 8,
      "203": 8,
      "204": 7,
      "206": 6,
      "208": 6,
      "216": 5,
      "218": 5,
      "219": 4,
      "220": 3,
      "222": 2,
      "224": 2,
      "232": 27,
      "234": 27,
      "235": 26,
      "237": 25,
      "238": 24,
      "240": 1,
      "243": 25,
      "253": 21,
      "255": 21,
      "256": 20,
      "257": 19,
      "258": 18,
      "260": 17,
      "261": 17,
      "263": 16,
      "264": 16,
      "266": 15,
      "273": 13,
      "275": 10,
      "276": 9,
      "277": 8,
      "279": 7,
      "281": 7,
      "283": 7,
      "284": 6,
      "286": 7,
      "287": 1,
      "290": 7,
      "291": 7,
      "293": 7,
      "295": 7,
      "296": 5,
      "298": 5,
      "300": 5,
      "301": 4,
      "306": 7,
      "307": 7,
      "310": 0,
      "311": 0,
      "315": 0,
      "318": 0,
      "320": 0,
      "323": 0,
      "327": 0,
      "330": 0,
      "335": 0,
      "341": 7,
      "342": 7,
      "345": 7,
      "355": 65,
      "356": 58,
      "358": 64,
      "359": 7,
      "360": 7,
      "370": 63,
      "371": 57,
      "377": 61,
      "378": 6,
      "386": 10,
      "387": 10,
      "391": 8,
      "398": 9,
      "399": 9,
      "403": 1,
      "410": 1,
      "411": 1,
      "413": 1,
      "414": 1,
      "415": 1,
      "418": 1,
      "425": 1,
      "427": 1,
      "428": 1,
      "429": 1,
      "433": 1,
      "434": 1,
      "436": 1,
      "437": 1,
      "438": 1,
      "439": 1,
      "443": 1,
      "447": 1,
      "451": 3,
      "455": 8,
      "456": 8,
      "458": 7,
      "462": 2,
      "463": 2,
      "464": 1,
      "466": 1,
      "468": 1
    },
    "path": "/home/gia/Desktop/NFT-Marketplace/packages/contracts/src/Listing.sol",
    "s": {
      "1": 64,
      "2": 62,
      "3": 60,
      "4": 58,
      "5": 56,
      "6": 71,
      "7": 6,
      "8": 4,
      "9": 33,
      "10": 32,
      "11": 30,
      "12": 50,
      "13": 50,
      "14": 50,
      "15": 50,
      "16": 50,
      "17": 50,
      "18": 50,
      "19": 50,
      "20": 46,
      "21": 4,
      "22": 4,
      "23": 3,
      "24": 3,
      "25": 2,
      "26": 1,
      "27": 8,
      "28": 8,
      "29": 7,
      "30": 6,
      "31": 5,
      "32": 5,
      "33": 4,
      "34": 3,
      "35": 2,
      "36": 27,
      "37": 27,
      "38": 26,
      "39": 25,
      "40": 25,
      "41": 21,
      "42": 21,
      "43": 20,
      "44": 19,
      "45": 18,
      "46": 17,
      "47": 17,
      "48": 16,
      "49": 16,
      "50": 15,
      "51": 13,
      "52": 10,
      "53": 9,
      "54": 8,
      "55": 7,
      "56": 7,
      "57": 6,
      "58": 7,
      "59": 1,
      "60": 7,
      "61": 7,
      "62": 7,
      "63": 5,
      "64": 5,
      "65": 5,
      "66": 7,
      "67": 7,
      "68": 0,
      "69": 0,
      "70": 0,
      "71": 0,
      "72": 0,
      "73": 0,
      "74": 0,
      "75": 0,
      "76": 0,
      "77": 0,
      "78": 7,
      "79": 7,
      "80": 65,
      "81": 58,
      "82": 64,
      "83": 7,
      "84": 7,
      "85": 63,
      "86": 57,
      "87": 61,
      "88": 6,
      "89": 10,
      "90": 10,
      "91": 8,
      "92": 9,
      "93": 9,
      "94": 1,
      "95": 1,
      "96": 1,
      "97": 1,
      "98": 1,
      "99": 1,
      "100": 1,
      "101": 1,
      "102": 1,
      "103": 1,
      "104": 1,
      "105": 1,
      "106": 1,
      "107": 1,
      "108": 1,
      "109": 3,
      "110": 8,
      "111": 8,
      "112": 7,
      "113": 2,
      "114": 2,
      "115": 1,
      "116": 1
    },
    "b": {
      "1": [62, 2],
      "2": [60, 2],
      "3": [58, 2],
      "4": [56, 2],
      "5": [54, 2],
      "6": [65, 6],
      "7": [4, 2],
      "8": [2, 2],
      "9": [33, 1],
      "10": [32, 1],
      "11": [30, 2],
      "12": [50, 5],
      "13": [46, 4],
      "14": [4, 0],
      "15": [4, 5],
      "16": [3, 1],
      "17": [2, 1],
      "18": [1, 1],
      "19": [8, 1],
      "20": [7, 1],
      "21": [6, 1],
      "22": [5, 1],
      "23": [4, 1],
      "24": [3, 1],
      "25": [2, 1],
      "26": [27, 1],
      "27": [26, 1],
      "28": [25, 1],
      "29": [24, 1],
      "30": [21, 1],
      "31": [20, 1],
      "32": [19, 1],
      "33": [18, 1],
      "34": [17, 1],
      "35": [16, 1],
      "36": [15, 1],
      "37": [6, 1],
      "38": [1, 6],
      "39": [5, 2],
      "40": [5, 0],
      "41": [4, 1],
      "42": [7, 0],
      "43": [0, 0],
      "44": [0, 0],
      "45": [0, 0],
      "46": [0, 0],
      "47": [0, 0],
      "48": [0, 0],
      "49": [58, 7],
      "50": [57, 1],
      "51": [7, 57],
      "52": [6, 1],
      "53": [57, 6],
      "54": [55, 2],
      "55": [48, 7],
      "56": [6, 55],
      "57": [5, 1],
      "58": [9, 1],
      "59": [1, 8],
      "60": [7, 1],
      "61": [8, 1],
      "62": [1, 2],
      "63": [1, 2],
      "64": [1, 0],
      "65": [1, 0],
      "66": [1, 1],
      "67": [7, 1],
      "68": [2, 1],
      "69": [1, 1],
      "70": [1, 0]
    },
    "f": {
      "1": 1,
      "2": 64,
      "3": 71,
      "4": 6,
      "5": 33,
      "6": 50,
      "7": 50,
      "8": 3,
      "9": 8,
      "10": 5,
      "11": 27,
      "12": 21,
      "13": 7,
      "14": 7,
      "15": 65,
      "16": 63,
      "17": 10,
      "18": 8,
      "19": 9,
      "20": 1,
      "21": 1,
      "22": 1,
      "23": 1,
      "24": 3,
      "25": 8,
      "26": 2
    },
    "fnMap": {
      "1": {
        "name": "constructor",
        "line": 88,
        "loc": { "start": { "line": 88, "column": 4 }, "end": { "line": 90, "column": 4 } }
      },
      "2": {
        "name": "validParams",
        "line": 92,
        "loc": { "start": { "line": 92, "column": 4 }, "end": { "line": 99, "column": 4 } }
      },
      "3": {
        "name": "listingExists",
        "line": 101,
        "loc": { "start": { "line": 101, "column": 4 }, "end": { "line": 104, "column": 4 } }
      },
      "4": {
        "name": "validRange",
        "line": 106,
        "loc": { "start": { "line": 106, "column": 4 }, "end": { "line": 110, "column": 4 } }
      },
      "5": {
        "name": "setCurrencyFee",
        "line": 112,
        "loc": { "start": { "line": 112, "column": 4 }, "end": { "line": 118, "column": 4 } }
      },
      "6": {
        "name": "createListing",
        "line": 120,
        "loc": { "start": { "line": 120, "column": 4 }, "end": { "line": 158, "column": 4 } }
      },
      "7": {
        "name": "getTokenType",
        "line": 160,
        "loc": { "start": { "line": 160, "column": 4 }, "end": { "line": 168, "column": 4 } }
      },
      "8": {
        "name": "updateListing",
        "line": 173,
        "loc": { "start": { "line": 170, "column": 4 }, "end": { "line": 199, "column": 4 } }
      },
      "9": {
        "name": "cancelListing",
        "line": 201,
        "loc": { "start": { "line": 201, "column": 4 }, "end": { "line": 209, "column": 4 } }
      },
      "10": {
        "name": "approveBuyerForListing",
        "line": 215,
        "loc": { "start": { "line": 211, "column": 4 }, "end": { "line": 225, "column": 4 } }
      },
      "11": {
        "name": "approveCurrencyForListing",
        "line": 231,
        "loc": { "start": { "line": 227, "column": 4 }, "end": { "line": 244, "column": 4 } }
      },
      "12": {
        "name": "buyFromListing",
        "line": 252,
        "loc": { "start": { "line": 246, "column": 4 }, "end": { "line": 303, "column": 4 } }
      },
      "13": {
        "name": "ensureCanReceiveToken",
        "line": 305,
        "loc": { "start": { "line": 305, "column": 4 }, "end": { "line": 338, "column": 4 } }
      },
      "14": {
        "name": "_isContract",
        "line": 340,
        "loc": { "start": { "line": 340, "column": 4 }, "end": { "line": 346, "column": 4 } }
      },
      "15": {
        "name": "checkSellerTokenOwnership",
        "line": 348,
        "loc": { "start": { "line": 348, "column": 4 }, "end": { "line": 362, "column": 4 } }
      },
      "16": {
        "name": "checkSellerApproval",
        "line": 364,
        "loc": { "start": { "line": 364, "column": 4 }, "end": { "line": 383, "column": 4 } }
      },
      "17": {
        "name": "checkBuyerApproval",
        "line": 385,
        "loc": { "start": { "line": 385, "column": 4 }, "end": { "line": 388, "column": 4 } }
      },
      "18": {
        "name": "checkBuyerAllowance",
        "line": 390,
        "loc": { "start": { "line": 390, "column": 4 }, "end": { "line": 395, "column": 4 } }
      },
      "19": {
        "name": "checkBuyerBalance",
        "line": 397,
        "loc": { "start": { "line": 397, "column": 4 }, "end": { "line": 400, "column": 4 } }
      },
      "20": {
        "name": "totalListings",
        "line": 402,
        "loc": { "start": { "line": 402, "column": 4 }, "end": { "line": 404, "column": 4 } }
      },
      "21": {
        "name": "getAllListings",
        "line": 409,
        "loc": { "start": { "line": 406, "column": 4 }, "end": { "line": 419, "column": 4 } }
      },
      "22": {
        "name": "getAllValidListings",
        "line": 424,
        "loc": { "start": { "line": 421, "column": 4 }, "end": { "line": 444, "column": 4 } }
      },
      "23": {
        "name": "getListing",
        "line": 446,
        "loc": { "start": { "line": 446, "column": 4 }, "end": { "line": 448, "column": 4 } }
      },
      "24": {
        "name": "getUserOwnedListings",
        "line": 450,
        "loc": { "start": { "line": 450, "column": 4 }, "end": { "line": 452, "column": 4 } }
      },
      "25": {
        "name": "getCurrencyFee",
        "line": 454,
        "loc": { "start": { "line": 454, "column": 4 }, "end": { "line": 459, "column": 4 } }
      },
      "26": {
        "name": "withdrawFees",
        "line": 461,
        "loc": { "start": { "line": 461, "column": 4 }, "end": { "line": 469, "column": 4 } }
      }
    },
    "statementMap": {
      "1": { "start": { "line": 93, "column": 8 }, "end": { "line": 93, "column": 84 } },
      "2": { "start": { "line": 94, "column": 8 }, "end": { "line": 94, "column": 73 } },
      "3": { "start": { "line": 95, "column": 8 }, "end": { "line": 95, "column": 81 } },
      "4": { "start": { "line": 96, "column": 8 }, "end": { "line": 96, "column": 85 } },
      "5": { "start": { "line": 97, "column": 8 }, "end": { "line": 97, "column": 92 } },
      "6": { "start": { "line": 102, "column": 8 }, "end": { "line": 102, "column": 84 } },
      "7": { "start": { "line": 107, "column": 8 }, "end": { "line": 107, "column": 49 } },
      "8": { "start": { "line": 108, "column": 8 }, "end": { "line": 108, "column": 72 } },
      "9": { "start": { "line": 113, "column": 8 }, "end": { "line": 113, "column": 66 } },
      "10": { "start": { "line": 114, "column": 8 }, "end": { "line": 114, "column": 81 } },
      "11": { "start": { "line": 117, "column": 8 }, "end": { "line": 117, "column": 46 } },
      "12": { "start": { "line": 121, "column": 8 }, "end": { "line": 121, "column": 64 } },
      "13": { "start": { "line": 123, "column": 8 }, "end": { "line": 123, "column": 110 } },
      "14": { "start": { "line": 124, "column": 8 }, "end": { "line": 124, "column": 87 } },
      "15": { "start": { "line": 142, "column": 8 }, "end": { "line": 142, "column": 57 } },
      "16": { "start": { "line": 145, "column": 8 }, "end": { "line": 145, "column": 5102 } },
      "17": { "start": { "line": 157, "column": 8 }, "end": { "line": 157, "column": 24 } },
      "18": { "start": { "line": 161, "column": 8 }, "end": { "line": 161, "column": 57 } },
      "19": { "start": { "line": 162, "column": 8 }, "end": { "line": 162, "column": 5615 } },
      "20": { "start": { "line": 163, "column": 12 }, "end": { "line": 163, "column": 35 } },
      "21": { "start": { "line": 165, "column": 8 }, "end": { "line": 165, "column": 5724 } },
      "22": { "start": { "line": 166, "column": 12 }, "end": { "line": 166, "column": 36 } },
      "23": { "start": { "line": 174, "column": 8 }, "end": { "line": 174, "column": 56 } },
      "24": { "start": { "line": 176, "column": 8 }, "end": { "line": 176, "column": 76 } },
      "25": { "start": { "line": 177, "column": 8 }, "end": { "line": 177, "column": 85 } },
      "26": { "start": { "line": 188, "column": 8 }, "end": { "line": 188, "column": 6617 } },
      "27": { "start": { "line": 202, "column": 8 }, "end": { "line": 202, "column": 56 } },
      "28": { "start": { "line": 203, "column": 8 }, "end": { "line": 203, "column": 76 } },
      "29": { "start": { "line": 204, "column": 8 }, "end": { "line": 204, "column": 85 } },
      "30": { "start": { "line": 208, "column": 8 }, "end": { "line": 208, "column": 40 } },
      "31": { "start": { "line": 216, "column": 8 }, "end": { "line": 216, "column": 56 } },
      "32": { "start": { "line": 218, "column": 8 }, "end": { "line": 218, "column": 78 } },
      "33": { "start": { "line": 219, "column": 8 }, "end": { "line": 219, "column": 85 } },
      "34": { "start": { "line": 220, "column": 8 }, "end": { "line": 220, "column": 59 } },
      "35": { "start": { "line": 224, "column": 8 }, "end": { "line": 224, "column": 55 } },
      "36": { "start": { "line": 232, "column": 8 }, "end": { "line": 232, "column": 56 } },
      "37": { "start": { "line": 234, "column": 8 }, "end": { "line": 234, "column": 76 } },
      "38": { "start": { "line": 235, "column": 8 }, "end": { "line": 235, "column": 85 } },
      "39": { "start": { "line": 237, "column": 8 }, "end": { "line": 237, "column": 8308 } },
      "40": { "start": { "line": 243, "column": 8 }, "end": { "line": 243, "column": 75 } },
      "41": { "start": { "line": 253, "column": 8 }, "end": { "line": 253, "column": 56 } },
      "42": { "start": { "line": 255, "column": 8 }, "end": { "line": 255, "column": 65 } },
      "43": { "start": { "line": 256, "column": 8 }, "end": { "line": 256, "column": 72 } },
      "44": { "start": { "line": 257, "column": 8 }, "end": { "line": 257, "column": 89 } },
      "45": { "start": { "line": 258, "column": 8 }, "end": { "line": 258, "column": 80 } },
      "46": { "start": { "line": 260, "column": 8 }, "end": { "line": 260, "column": 72 } },
      "47": { "start": { "line": 261, "column": 8 }, "end": { "line": 261, "column": 77 } },
      "48": { "start": { "line": 263, "column": 8 }, "end": { "line": 263, "column": 61 } },
      "49": { "start": { "line": 264, "column": 8 }, "end": { "line": 264, "column": 73 } },
      "50": { "start": { "line": 266, "column": 8 }, "end": { "line": 266, "column": 9482 } },
      "51": { "start": { "line": 273, "column": 8 }, "end": { "line": 273, "column": 100 } },
      "52": { "start": { "line": 275, "column": 8 }, "end": { "line": 275, "column": 48 } },
      "53": { "start": { "line": 276, "column": 8 }, "end": { "line": 276, "column": 58 } },
      "54": { "start": { "line": 277, "column": 8 }, "end": { "line": 277, "column": 48 } },
      "55": { "start": { "line": 279, "column": 8 }, "end": { "line": 279, "column": 82 } },
      "56": { "start": { "line": 283, "column": 8 }, "end": { "line": 283, "column": 10072 } },
      "57": { "start": { "line": 284, "column": 12 }, "end": { "line": 284, "column": 98 } },
      "58": { "start": { "line": 286, "column": 8 }, "end": { "line": 286, "column": 10236 } },
      "59": { "start": { "line": 287, "column": 12 }, "end": { "line": 287, "column": 113 } },
      "60": { "start": { "line": 290, "column": 8 }, "end": { "line": 290, "column": 69 } },
      "61": { "start": { "line": 291, "column": 8 }, "end": { "line": 291, "column": 47 } },
      "62": { "start": { "line": 295, "column": 8 }, "end": { "line": 295, "column": 113 } },
      "63": { "start": { "line": 296, "column": 8 }, "end": { "line": 296, "column": 100 } },
      "64": { "start": { "line": 298, "column": 8 }, "end": { "line": 298, "column": 66 } },
      "65": { "start": { "line": 300, "column": 8 }, "end": { "line": 300, "column": 10870 } },
      "66": { "start": { "line": 306, "column": 8 }, "end": { "line": 306, "column": 11092 } },
      "67": { "start": { "line": 307, "column": 12 }, "end": { "line": 307, "column": 18 } },
      "68": { "start": { "line": 310, "column": 8 }, "end": { "line": 310, "column": 11162 } },
      "69": { "start": { "line": 311, "column": 12 }, "end": { "line": 311, "column": 11215 } },
      "70": { "start": { "line": 315, "column": 12 }, "end": { "line": 315, "column": 11410 } },
      "71": { "start": { "line": 318, "column": 16 }, "end": { "line": 318, "column": 118 } },
      "72": { "start": { "line": 320, "column": 16 }, "end": { "line": 320, "column": 71 } },
      "73": { "start": { "line": 322, "column": 15 }, "end": { "line": 322, "column": 11798 } },
      "74": { "start": { "line": 323, "column": 12 }, "end": { "line": 323, "column": 11852 } },
      "75": { "start": { "line": 327, "column": 12 }, "end": { "line": 327, "column": 12049 } },
      "76": { "start": { "line": 330, "column": 16 }, "end": { "line": 330, "column": 12225 } },
      "77": { "start": { "line": 335, "column": 16 }, "end": { "line": 335, "column": 72 } },
      "78": { "start": { "line": 341, "column": 8 }, "end": { "line": 341, "column": 20 } },
      "79": { "start": { "line": 345, "column": 8 }, "end": { "line": 345, "column": 23 } },
      "80": { "start": { "line": 355, "column": 8 }, "end": { "line": 355, "column": 12912 } },
      "81": { "start": { "line": 356, "column": 12 }, "end": { "line": 356, "column": 104 } },
      "82": { "start": { "line": 358, "column": 8 }, "end": { "line": 358, "column": 13074 } },
      "83": { "start": { "line": 359, "column": 12 }, "end": { "line": 359, "column": 86 } },
      "84": { "start": { "line": 360, "column": 12 }, "end": { "line": 360, "column": 83 } },
      "85": { "start": { "line": 370, "column": 8 }, "end": { "line": 370, "column": 13475 } },
      "86": { "start": { "line": 371, "column": 12 }, "end": { "line": 371, "column": 13528 } },
      "87": { "start": { "line": 377, "column": 8 }, "end": { "line": 377, "column": 13793 } },
      "88": { "start": { "line": 378, "column": 12 }, "end": { "line": 378, "column": 13847 } },
      "89": { "start": { "line": 386, "column": 8 }, "end": { "line": 386, "column": 56 } },
      "90": { "start": { "line": 387, "column": 8 }, "end": { "line": 387, "column": 111 } },
      "91": { "start": { "line": 391, "column": 8 }, "end": { "line": 391, "column": 14385 } },
      "92": { "start": { "line": 398, "column": 8 }, "end": { "line": 398, "column": 68 } },
      "93": { "start": { "line": 399, "column": 8 }, "end": { "line": 399, "column": 70 } },
      "94": { "start": { "line": 403, "column": 8 }, "end": { "line": 403, "column": 29 } },
      "95": { "start": { "line": 410, "column": 8 }, "end": { "line": 410, "column": 44 } },
      "96": { "start": { "line": 411, "column": 8 }, "end": { "line": 411, "column": 66 } },
      "97": { "start": { "line": 413, "column": 8 }, "end": { "line": 413, "column": 15173 } },
      "98": { "start": { "line": 414, "column": 12 }, "end": { "line": 414, "column": 43 } },
      "99": { "start": { "line": 418, "column": 8 }, "end": { "line": 418, "column": 26 } },
      "100": { "start": { "line": 425, "column": 8 }, "end": { "line": 425, "column": 26 } },
      "101": { "start": { "line": 427, "column": 8 }, "end": { "line": 427, "column": 15550 } },
      "102": { "start": { "line": 428, "column": 12 }, "end": { "line": 428, "column": 15611 } },
      "103": { "start": { "line": 433, "column": 8 }, "end": { "line": 433, "column": 68 } },
      "104": { "start": { "line": 434, "column": 8 }, "end": { "line": 434, "column": 25 } },
      "105": { "start": { "line": 436, "column": 8 }, "end": { "line": 436, "column": 15808 } },
      "106": { "start": { "line": 437, "column": 12 }, "end": { "line": 437, "column": 15869 } },
      "107": { "start": { "line": 443, "column": 8 }, "end": { "line": 443, "column": 28 } },
      "108": { "start": { "line": 447, "column": 8 }, "end": { "line": 447, "column": 34 } },
      "109": { "start": { "line": 451, "column": 8 }, "end": { "line": 451, "column": 38 } },
      "110": { "start": { "line": 455, "column": 8 }, "end": { "line": 455, "column": 52 } },
      "111": { "start": { "line": 456, "column": 8 }, "end": { "line": 456, "column": 70 } },
      "112": { "start": { "line": 458, "column": 8 }, "end": { "line": 458, "column": 26 } },
      "113": { "start": { "line": 462, "column": 8 }, "end": { "line": 462, "column": 50 } },
      "114": { "start": { "line": 463, "column": 8 }, "end": { "line": 463, "column": 49 } },
      "115": { "start": { "line": 466, "column": 8 }, "end": { "line": 466, "column": 86 } },
      "116": { "start": { "line": 468, "column": 8 }, "end": { "line": 468, "column": 55 } }
    },
    "branchMap": {
      "1": {
        "line": 93,
        "type": "if",
        "locations": [
          { "start": { "line": 93, "column": 8 }, "end": { "line": 93, "column": 8 } },
          { "start": { "line": 93, "column": 8 }, "end": { "line": 93, "column": 8 } }
        ]
      },
      "2": {
        "line": 94,
        "type": "if",
        "locations": [
          { "start": { "line": 94, "column": 8 }, "end": { "line": 94, "column": 8 } },
          { "start": { "line": 94, "column": 8 }, "end": { "line": 94, "column": 8 } }
        ]
      },
      "3": {
        "line": 95,
        "type": "if",
        "locations": [
          { "start": { "line": 95, "column": 8 }, "end": { "line": 95, "column": 8 } },
          { "start": { "line": 95, "column": 8 }, "end": { "line": 95, "column": 8 } }
        ]
      },
      "4": {
        "line": 96,
        "type": "if",
        "locations": [
          { "start": { "line": 96, "column": 8 }, "end": { "line": 96, "column": 8 } },
          { "start": { "line": 96, "column": 8 }, "end": { "line": 96, "column": 8 } }
        ]
      },
      "5": {
        "line": 97,
        "type": "if",
        "locations": [
          { "start": { "line": 97, "column": 8 }, "end": { "line": 97, "column": 8 } },
          { "start": { "line": 97, "column": 8 }, "end": { "line": 97, "column": 8 } }
        ]
      },
      "6": {
        "line": 102,
        "type": "if",
        "locations": [
          { "start": { "line": 102, "column": 8 }, "end": { "line": 102, "column": 8 } },
          { "start": { "line": 102, "column": 8 }, "end": { "line": 102, "column": 8 } }
        ]
      },
      "7": {
        "line": 107,
        "type": "if",
        "locations": [
          { "start": { "line": 107, "column": 8 }, "end": { "line": 107, "column": 8 } },
          { "start": { "line": 107, "column": 8 }, "end": { "line": 107, "column": 8 } }
        ]
      },
      "8": {
        "line": 108,
        "type": "if",
        "locations": [
          { "start": { "line": 108, "column": 8 }, "end": { "line": 108, "column": 8 } },
          { "start": { "line": 108, "column": 8 }, "end": { "line": 108, "column": 8 } }
        ]
      },
      "9": {
        "line": 112,
        "type": "if",
        "locations": [
          { "start": { "line": 112, "column": 68 }, "end": { "line": 112, "column": 68 } },
          { "start": { "line": 112, "column": 68 }, "end": { "line": 112, "column": 68 } }
        ]
      },
      "10": {
        "line": 113,
        "type": "if",
        "locations": [
          { "start": { "line": 113, "column": 8 }, "end": { "line": 113, "column": 8 } },
          { "start": { "line": 113, "column": 8 }, "end": { "line": 113, "column": 8 } }
        ]
      },
      "11": {
        "line": 114,
        "type": "if",
        "locations": [
          { "start": { "line": 114, "column": 8 }, "end": { "line": 114, "column": 8 } },
          { "start": { "line": 114, "column": 8 }, "end": { "line": 114, "column": 8 } }
        ]
      },
      "12": {
        "line": 120,
        "type": "if",
        "locations": [
          { "start": { "line": 120, "column": 69 }, "end": { "line": 120, "column": 69 } },
          { "start": { "line": 120, "column": 69 }, "end": { "line": 120, "column": 69 } }
        ]
      },
      "13": {
        "line": 162,
        "type": "if",
        "locations": [
          { "start": { "line": 162, "column": 8 }, "end": { "line": 162, "column": 8 } },
          { "start": { "line": 162, "column": 8 }, "end": { "line": 162, "column": 8 } }
        ]
      },
      "14": {
        "line": 165,
        "type": "if",
        "locations": [
          { "start": { "line": 165, "column": 8 }, "end": { "line": 165, "column": 8 } },
          { "start": { "line": 165, "column": 8 }, "end": { "line": 165, "column": 8 } }
        ]
      },
      "15": {
        "line": 173,
        "type": "if",
        "locations": [
          { "start": { "line": 173, "column": 15 }, "end": { "line": 173, "column": 15 } },
          { "start": { "line": 173, "column": 15 }, "end": { "line": 173, "column": 15 } }
        ]
      },
      "16": {
        "line": 173,
        "type": "if",
        "locations": [
          { "start": { "line": 173, "column": 35 }, "end": { "line": 173, "column": 35 } },
          { "start": { "line": 173, "column": 35 }, "end": { "line": 173, "column": 35 } }
        ]
      },
      "17": {
        "line": 176,
        "type": "if",
        "locations": [
          { "start": { "line": 176, "column": 8 }, "end": { "line": 176, "column": 8 } },
          { "start": { "line": 176, "column": 8 }, "end": { "line": 176, "column": 8 } }
        ]
      },
      "18": {
        "line": 177,
        "type": "if",
        "locations": [
          { "start": { "line": 177, "column": 8 }, "end": { "line": 177, "column": 8 } },
          { "start": { "line": 177, "column": 8 }, "end": { "line": 177, "column": 8 } }
        ]
      },
      "19": {
        "line": 201,
        "type": "if",
        "locations": [
          { "start": { "line": 201, "column": 63 }, "end": { "line": 201, "column": 63 } },
          { "start": { "line": 201, "column": 63 }, "end": { "line": 201, "column": 63 } }
        ]
      },
      "20": {
        "line": 203,
        "type": "if",
        "locations": [
          { "start": { "line": 203, "column": 8 }, "end": { "line": 203, "column": 8 } },
          { "start": { "line": 203, "column": 8 }, "end": { "line": 203, "column": 8 } }
        ]
      },
      "21": {
        "line": 204,
        "type": "if",
        "locations": [
          { "start": { "line": 204, "column": 8 }, "end": { "line": 204, "column": 8 } },
          { "start": { "line": 204, "column": 8 }, "end": { "line": 204, "column": 8 } }
        ]
      },
      "22": {
        "line": 215,
        "type": "if",
        "locations": [
          { "start": { "line": 215, "column": 15 }, "end": { "line": 215, "column": 15 } },
          { "start": { "line": 215, "column": 15 }, "end": { "line": 215, "column": 15 } }
        ]
      },
      "23": {
        "line": 218,
        "type": "if",
        "locations": [
          { "start": { "line": 218, "column": 8 }, "end": { "line": 218, "column": 8 } },
          { "start": { "line": 218, "column": 8 }, "end": { "line": 218, "column": 8 } }
        ]
      },
      "24": {
        "line": 219,
        "type": "if",
        "locations": [
          { "start": { "line": 219, "column": 8 }, "end": { "line": 219, "column": 8 } },
          { "start": { "line": 219, "column": 8 }, "end": { "line": 219, "column": 8 } }
        ]
      },
      "25": {
        "line": 220,
        "type": "if",
        "locations": [
          { "start": { "line": 220, "column": 8 }, "end": { "line": 220, "column": 8 } },
          { "start": { "line": 220, "column": 8 }, "end": { "line": 220, "column": 8 } }
        ]
      },
      "26": {
        "line": 231,
        "type": "if",
        "locations": [
          { "start": { "line": 231, "column": 15 }, "end": { "line": 231, "column": 15 } },
          { "start": { "line": 231, "column": 15 }, "end": { "line": 231, "column": 15 } }
        ]
      },
      "27": {
        "line": 234,
        "type": "if",
        "locations": [
          { "start": { "line": 234, "column": 8 }, "end": { "line": 234, "column": 8 } },
          { "start": { "line": 234, "column": 8 }, "end": { "line": 234, "column": 8 } }
        ]
      },
      "28": {
        "line": 235,
        "type": "if",
        "locations": [
          { "start": { "line": 235, "column": 8 }, "end": { "line": 235, "column": 8 } },
          { "start": { "line": 235, "column": 8 }, "end": { "line": 235, "column": 8 } }
        ]
      },
      "29": {
        "line": 237,
        "type": "if",
        "locations": [
          { "start": { "line": 237, "column": 8 }, "end": { "line": 237, "column": 8 } },
          { "start": { "line": 237, "column": 8 }, "end": { "line": 237, "column": 8 } }
        ]
      },
      "30": {
        "line": 252,
        "type": "if",
        "locations": [
          { "start": { "line": 252, "column": 15 }, "end": { "line": 252, "column": 15 } },
          { "start": { "line": 252, "column": 15 }, "end": { "line": 252, "column": 15 } }
        ]
      },
      "31": {
        "line": 255,
        "type": "if",
        "locations": [
          { "start": { "line": 255, "column": 8 }, "end": { "line": 255, "column": 8 } },
          { "start": { "line": 255, "column": 8 }, "end": { "line": 255, "column": 8 } }
        ]
      },
      "32": {
        "line": 256,
        "type": "if",
        "locations": [
          { "start": { "line": 256, "column": 8 }, "end": { "line": 256, "column": 8 } },
          { "start": { "line": 256, "column": 8 }, "end": { "line": 256, "column": 8 } }
        ]
      },
      "33": {
        "line": 257,
        "type": "if",
        "locations": [
          { "start": { "line": 257, "column": 8 }, "end": { "line": 257, "column": 8 } },
          { "start": { "line": 257, "column": 8 }, "end": { "line": 257, "column": 8 } }
        ]
      },
      "34": {
        "line": 258,
        "type": "if",
        "locations": [
          { "start": { "line": 258, "column": 8 }, "end": { "line": 258, "column": 8 } },
          { "start": { "line": 258, "column": 8 }, "end": { "line": 258, "column": 8 } }
        ]
      },
      "35": {
        "line": 261,
        "type": "if",
        "locations": [
          { "start": { "line": 261, "column": 8 }, "end": { "line": 261, "column": 8 } },
          { "start": { "line": 261, "column": 8 }, "end": { "line": 261, "column": 8 } }
        ]
      },
      "36": {
        "line": 264,
        "type": "if",
        "locations": [
          { "start": { "line": 264, "column": 8 }, "end": { "line": 264, "column": 8 } },
          { "start": { "line": 264, "column": 8 }, "end": { "line": 264, "column": 8 } }
        ]
      },
      "37": {
        "line": 283,
        "type": "if",
        "locations": [
          { "start": { "line": 283, "column": 8 }, "end": { "line": 283, "column": 8 } },
          { "start": { "line": 283, "column": 8 }, "end": { "line": 283, "column": 8 } }
        ]
      },
      "38": {
        "line": 286,
        "type": "if",
        "locations": [
          { "start": { "line": 286, "column": 8 }, "end": { "line": 286, "column": 8 } },
          { "start": { "line": 286, "column": 8 }, "end": { "line": 286, "column": 8 } }
        ]
      },
      "39": {
        "line": 295,
        "type": "if",
        "locations": [
          { "start": { "line": 295, "column": 8 }, "end": { "line": 295, "column": 8 } },
          { "start": { "line": 295, "column": 8 }, "end": { "line": 295, "column": 8 } }
        ]
      },
      "40": {
        "line": 296,
        "type": "if",
        "locations": [
          { "start": { "line": 296, "column": 8 }, "end": { "line": 296, "column": 8 } },
          { "start": { "line": 296, "column": 8 }, "end": { "line": 296, "column": 8 } }
        ]
      },
      "41": {
        "line": 300,
        "type": "if",
        "locations": [
          { "start": { "line": 300, "column": 8 }, "end": { "line": 300, "column": 8 } },
          { "start": { "line": 300, "column": 8 }, "end": { "line": 300, "column": 8 } }
        ]
      },
      "42": {
        "line": 306,
        "type": "if",
        "locations": [
          { "start": { "line": 306, "column": 8 }, "end": { "line": 306, "column": 8 } },
          { "start": { "line": 306, "column": 8 }, "end": { "line": 306, "column": 8 } }
        ]
      },
      "43": {
        "line": 310,
        "type": "if",
        "locations": [
          { "start": { "line": 310, "column": 8 }, "end": { "line": 310, "column": 8 } },
          { "start": { "line": 310, "column": 8 }, "end": { "line": 310, "column": 8 } }
        ]
      },
      "44": {
        "line": 311,
        "type": "if",
        "locations": [
          { "start": { "line": 311, "column": 12 }, "end": { "line": 311, "column": 12 } },
          { "start": { "line": 311, "column": 12 }, "end": { "line": 311, "column": 12 } }
        ]
      },
      "45": {
        "line": 318,
        "type": "if",
        "locations": [
          { "start": { "line": 318, "column": 16 }, "end": { "line": 318, "column": 16 } },
          { "start": { "line": 318, "column": 16 }, "end": { "line": 318, "column": 16 } }
        ]
      },
      "46": {
        "line": 322,
        "type": "if",
        "locations": [
          { "start": { "line": 322, "column": 15 }, "end": { "line": 322, "column": 15 } },
          { "start": { "line": 322, "column": 15 }, "end": { "line": 322, "column": 15 } }
        ]
      },
      "47": {
        "line": 323,
        "type": "if",
        "locations": [
          { "start": { "line": 323, "column": 12 }, "end": { "line": 323, "column": 12 } },
          { "start": { "line": 323, "column": 12 }, "end": { "line": 323, "column": 12 } }
        ]
      },
      "48": {
        "line": 330,
        "type": "if",
        "locations": [
          { "start": { "line": 330, "column": 16 }, "end": { "line": 330, "column": 16 } },
          { "start": { "line": 330, "column": 16 }, "end": { "line": 330, "column": 16 } }
        ]
      },
      "49": {
        "line": 355,
        "type": "if",
        "locations": [
          { "start": { "line": 355, "column": 8 }, "end": { "line": 355, "column": 8 } },
          { "start": { "line": 355, "column": 8 }, "end": { "line": 355, "column": 8 } }
        ]
      },
      "50": {
        "line": 356,
        "type": "if",
        "locations": [
          { "start": { "line": 356, "column": 12 }, "end": { "line": 356, "column": 12 } },
          { "start": { "line": 356, "column": 12 }, "end": { "line": 356, "column": 12 } }
        ]
      },
      "51": {
        "line": 358,
        "type": "if",
        "locations": [
          { "start": { "line": 358, "column": 8 }, "end": { "line": 358, "column": 8 } },
          { "start": { "line": 358, "column": 8 }, "end": { "line": 358, "column": 8 } }
        ]
      },
      "52": {
        "line": 360,
        "type": "if",
        "locations": [
          { "start": { "line": 360, "column": 12 }, "end": { "line": 360, "column": 12 } },
          { "start": { "line": 360, "column": 12 }, "end": { "line": 360, "column": 12 } }
        ]
      },
      "53": {
        "line": 370,
        "type": "if",
        "locations": [
          { "start": { "line": 370, "column": 8 }, "end": { "line": 370, "column": 8 } },
          { "start": { "line": 370, "column": 8 }, "end": { "line": 370, "column": 8 } }
        ]
      },
      "54": {
        "line": 371,
        "type": "if",
        "locations": [
          { "start": { "line": 371, "column": 12 }, "end": { "line": 371, "column": 12 } },
          { "start": { "line": 371, "column": 12 }, "end": { "line": 371, "column": 12 } }
        ]
      },
      "55": {
        "line": 372,
        "type": "cond-expr",
        "locations": [
          { "start": { "line": 372, "column": 16 }, "end": { "line": 372, "column": 77 } },
          { "start": { "line": 373, "column": 20 }, "end": { "line": 373, "column": 79 } }
        ]
      },
      "56": {
        "line": 377,
        "type": "if",
        "locations": [
          { "start": { "line": 377, "column": 8 }, "end": { "line": 377, "column": 8 } },
          { "start": { "line": 377, "column": 8 }, "end": { "line": 377, "column": 8 } }
        ]
      },
      "57": {
        "line": 378,
        "type": "if",
        "locations": [
          { "start": { "line": 378, "column": 12 }, "end": { "line": 378, "column": 12 } },
          { "start": { "line": 378, "column": 12 }, "end": { "line": 378, "column": 12 } }
        ]
      },
      "58": {
        "line": 387,
        "type": "if",
        "locations": [
          { "start": { "line": 387, "column": 8 }, "end": { "line": 387, "column": 8 } },
          { "start": { "line": 387, "column": 8 }, "end": { "line": 387, "column": 8 } }
        ]
      },
      "59": {
        "line": 387,
        "type": "cond-expr",
        "locations": [
          { "start": { "line": 387, "column": 16 }, "end": { "line": 387, "column": 47 } },
          { "start": { "line": 387, "column": 52 }, "end": { "line": 387, "column": 68 } }
        ]
      },
      "60": {
        "line": 391,
        "type": "if",
        "locations": [
          { "start": { "line": 391, "column": 8 }, "end": { "line": 391, "column": 8 } },
          { "start": { "line": 391, "column": 8 }, "end": { "line": 391, "column": 8 } }
        ]
      },
      "61": {
        "line": 399,
        "type": "if",
        "locations": [
          { "start": { "line": 399, "column": 8 }, "end": { "line": 399, "column": 8 } },
          { "start": { "line": 399, "column": 8 }, "end": { "line": 399, "column": 8 } }
        ]
      },
      "62": {
        "line": 409,
        "type": "if",
        "locations": [
          { "start": { "line": 409, "column": 20 }, "end": { "line": 409, "column": 20 } },
          { "start": { "line": 409, "column": 20 }, "end": { "line": 409, "column": 20 } }
        ]
      },
      "63": {
        "line": 424,
        "type": "if",
        "locations": [
          { "start": { "line": 424, "column": 20 }, "end": { "line": 424, "column": 20 } },
          { "start": { "line": 424, "column": 20 }, "end": { "line": 424, "column": 20 } }
        ]
      },
      "64": {
        "line": 428,
        "type": "if",
        "locations": [
          { "start": { "line": 428, "column": 12 }, "end": { "line": 428, "column": 12 } },
          { "start": { "line": 428, "column": 12 }, "end": { "line": 428, "column": 12 } }
        ]
      },
      "65": {
        "line": 437,
        "type": "if",
        "locations": [
          { "start": { "line": 437, "column": 12 }, "end": { "line": 437, "column": 12 } },
          { "start": { "line": 437, "column": 12 }, "end": { "line": 437, "column": 12 } }
        ]
      },
      "66": {
        "line": 446,
        "type": "if",
        "locations": [
          { "start": { "line": 446, "column": 57 }, "end": { "line": 446, "column": 57 } },
          { "start": { "line": 446, "column": 57 }, "end": { "line": 446, "column": 57 } }
        ]
      },
      "67": {
        "line": 456,
        "type": "if",
        "locations": [
          { "start": { "line": 456, "column": 8 }, "end": { "line": 456, "column": 8 } },
          { "start": { "line": 456, "column": 8 }, "end": { "line": 456, "column": 8 } }
        ]
      },
      "68": {
        "line": 461,
        "type": "if",
        "locations": [
          { "start": { "line": 461, "column": 53 }, "end": { "line": 461, "column": 53 } },
          { "start": { "line": 461, "column": 53 }, "end": { "line": 461, "column": 53 } }
        ]
      },
      "69": {
        "line": 463,
        "type": "if",
        "locations": [
          { "start": { "line": 463, "column": 8 }, "end": { "line": 463, "column": 8 } },
          { "start": { "line": 463, "column": 8 }, "end": { "line": 463, "column": 8 } }
        ]
      },
      "70": {
        "line": 466,
        "type": "if",
        "locations": [
          { "start": { "line": 466, "column": 8 }, "end": { "line": 466, "column": 8 } },
          { "start": { "line": 466, "column": 8 }, "end": { "line": 466, "column": 8 } }
        ]
      }
    }
  },
  "src/Mock/MockERC1155.sol": {
    "l": { "10": 3, "11": 3 },
    "path": "/home/gia/Desktop/NFT-Marketplace/packages/contracts/src/Mock/MockERC1155.sol",
    "s": { "1": 3, "2": 3 },
    "b": {},
    "f": { "1": 1, "2": 3 },
    "fnMap": {
      "1": {
        "name": "constructor",
        "line": 7,
        "loc": { "start": { "line": 7, "column": 4 }, "end": { "line": 7, "column": 69 } }
      },
      "2": { "name": "mint", "line": 9, "loc": { "start": { "line": 9, "column": 4 }, "end": { "line": 12, "column": 4 } } }
    },
    "statementMap": {
      "1": { "start": { "line": 10, "column": 8 }, "end": { "line": 10, "column": 37 } },
      "2": { "start": { "line": 11, "column": 8 }, "end": { "line": 11, "column": 22 } }
    },
    "branchMap": {}
  },
  "src/Mock/MockERC721.sol": {
    "l": { "10": 3, "11": 3 },
    "path": "/home/gia/Desktop/NFT-Marketplace/packages/contracts/src/Mock/MockERC721.sol",
    "s": { "1": 3, "2": 3 },
    "b": {},
    "f": { "1": 1, "2": 3 },
    "fnMap": {
      "1": {
        "name": "constructor",
        "line": 7,
        "loc": { "start": { "line": 7, "column": 4 }, "end": { "line": 7, "column": 48 } }
      },
      "2": { "name": "mint", "line": 9, "loc": { "start": { "line": 9, "column": 4 }, "end": { "line": 12, "column": 4 } } }
    },
    "statementMap": {
      "1": { "start": { "line": 10, "column": 8 }, "end": { "line": 10, "column": 25 } },
      "2": { "start": { "line": 11, "column": 8 }, "end": { "line": 11, "column": 22 } }
    },
    "branchMap": {}
  },
  "src/Mock/MockReceiver.sol": {
    "l": {},
    "path": "/home/gia/Desktop/NFT-Marketplace/packages/contracts/src/Mock/MockReceiver.sol",
    "s": {},
    "b": {},
    "f": {},
    "fnMap": {},
    "statementMap": {},
    "branchMap": {}
  },
  "src/Mock/MockToken.sol": {
    "l": { "18": 4, "22": 2, "26": 12, "27": 1, "29": 11, "30": 1, "32": 10 },
    "path": "/home/gia/Desktop/NFT-Marketplace/packages/contracts/src/Mock/MockToken.sol",
    "s": { "1": 4, "2": 12, "3": 1, "4": 11, "5": 1, "6": 10 },
    "b": { "1": [4, 0], "2": [1, 11], "3": [1, 10] },
    "f": { "1": 2, "2": 4, "3": 2, "4": 12 },
    "fnMap": {
      "1": {
        "name": "constructor",
        "line": 15,
        "loc": { "start": { "line": 15, "column": 4 }, "end": { "line": 15, "column": 87 } }
      },
      "2": { "name": "mint", "line": 17, "loc": { "start": { "line": 17, "column": 4 }, "end": { "line": 19, "column": 4 } } },
      "3": {
        "name": "setTransferFailType",
        "line": 21,
        "loc": { "start": { "line": 21, "column": 4 }, "end": { "line": 23, "column": 4 } }
      },
      "4": {
        "name": "transferFrom",
        "line": 25,
        "loc": { "start": { "line": 25, "column": 4 }, "end": { "line": 33, "column": 4 } }
      }
    },
    "statementMap": {
      "1": { "start": { "line": 18, "column": 8 }, "end": { "line": 18, "column": 24 } },
      "2": { "start": { "line": 26, "column": 8 }, "end": { "line": 26, "column": 759 } },
      "3": { "start": { "line": 27, "column": 12 }, "end": { "line": 27, "column": 44 } },
      "4": { "start": { "line": 29, "column": 8 }, "end": { "line": 29, "column": 872 } },
      "5": { "start": { "line": 30, "column": 12 }, "end": { "line": 30, "column": 40 } },
      "6": { "start": { "line": 32, "column": 8 }, "end": { "line": 32, "column": 60 } }
    },
    "branchMap": {
      "1": {
        "line": 17,
        "type": "if",
        "locations": [
          { "start": { "line": 17, "column": 53 }, "end": { "line": 17, "column": 53 } },
          { "start": { "line": 17, "column": 53 }, "end": { "line": 17, "column": 53 } }
        ]
      },
      "2": {
        "line": 26,
        "type": "if",
        "locations": [
          { "start": { "line": 26, "column": 8 }, "end": { "line": 26, "column": 8 } },
          { "start": { "line": 26, "column": 8 }, "end": { "line": 26, "column": 8 } }
        ]
      },
      "3": {
        "line": 29,
        "type": "if",
        "locations": [
          { "start": { "line": 29, "column": 8 }, "end": { "line": 29, "column": 8 } },
          { "start": { "line": 29, "column": 8 }, "end": { "line": 29, "column": 8 } }
        ]
      }
    }
  }
}
