TN:
SF:/home/gia/Desktop/NFT-Marketplace/packages/contracts/src/Listing.sol
FN:88,constructor
FN:92,validParams
FN:101,listingExists
FN:106,validRange
FN:112,setCurrencyFee
FN:120,createListing
FN:160,getTokenType
FN:173,updateListing
FN:201,cancelListing
FN:215,approveBuyerForListing
FN:231,approveCurrencyForListing
FN:252,buyFromListing
FN:305,ensureCanReceiveToken
FN:340,_isContract
FN:348,checkSellerTokenOwnership
FN:364,checkSellerApproval
FN:385,checkBuyerApproval
FN:390,checkBuyerAllowance
FN:397,checkBuyerBalance
FN:402,totalListings
FN:409,getAllListings
FN:424,getAllValidListings
FN:446,getListing
FN:450,getUserOwnedListings
FN:454,getCurrencyFee
FN:461,withdrawFees
FNF:26
FNH:26
FNDA:1,constructor
FNDA:64,validParams
FNDA:71,listingExists
FNDA:6,validRange
FNDA:33,setCurrencyFee
FNDA:50,createListing
FNDA:50,getTokenType
FNDA:3,updateListing
FNDA:8,cancelListing
FNDA:5,approveBuyerForListing
FNDA:27,approveCurrencyForListing
FNDA:21,buyFromListing
FNDA:7,ensureCanReceiveToken
FNDA:7,_isContract
FNDA:65,checkSellerTokenOwnership
FNDA:63,checkSellerApproval
FNDA:10,checkBuyerApproval
FNDA:8,checkBuyerAllowance
FNDA:9,checkBuyerBalance
FNDA:1,totalListings
FNDA:1,getAllListings
FNDA:1,getAllValidListings
FNDA:1,getListing
FNDA:3,getUserOwnedListings
FNDA:8,getCurrencyFee
FNDA:2,withdrawFees
DA:89,1
DA:93,64
DA:94,62
DA:95,60
DA:96,58
DA:97,56
DA:98,54
DA:102,71
DA:103,65
DA:107,6
DA:108,4
DA:109,2
DA:113,33
DA:114,32
DA:115,30
DA:117,30
DA:121,50
DA:123,50
DA:124,50
DA:126,50
DA:128,50
DA:142,50
DA:143,50
DA:145,50
DA:157,50
DA:161,50
DA:162,50
DA:163,46
DA:165,4
DA:166,4
DA:174,3
DA:176,3
DA:177,2
DA:179,1
DA:180,1
DA:181,1
DA:182,1
DA:183,1
DA:184,1
DA:185,1
DA:186,1
DA:188,1
DA:202,8
DA:203,8
DA:204,7
DA:206,6
DA:208,6
DA:216,5
DA:218,5
DA:219,4
DA:220,3
DA:222,2
DA:224,2
DA:232,27
DA:234,27
DA:235,26
DA:237,25
DA:238,24
DA:240,1
DA:243,25
DA:253,21
DA:255,21
DA:256,20
DA:257,19
DA:258,18
DA:260,17
DA:261,17
DA:263,16
DA:264,16
DA:266,15
DA:273,13
DA:275,10
DA:276,9
DA:277,8
DA:279,7
DA:281,7
DA:283,7
DA:284,6
DA:286,7
DA:287,1
DA:290,7
DA:291,7
DA:293,7
DA:295,7
DA:296,5
DA:298,5
DA:300,5
DA:301,4
DA:306,7
DA:307,7
DA:310,0
DA:311,0
DA:315,0
DA:318,0
DA:320,0
DA:323,0
DA:327,0
DA:330,0
DA:335,0
DA:341,7
DA:342,7
DA:345,7
DA:355,65
DA:356,58
DA:358,64
DA:359,7
DA:360,7
DA:370,63
DA:371,57
DA:377,61
DA:378,6
DA:386,10
DA:387,10
DA:391,8
DA:398,9
DA:399,9
DA:403,1
DA:410,1
DA:411,1
DA:413,1
DA:414,1
DA:415,1
DA:418,1
DA:425,1
DA:427,1
DA:428,1
DA:429,1
DA:433,1
DA:434,1
DA:436,1
DA:437,1
DA:438,1
DA:439,1
DA:443,1
DA:447,1
DA:451,3
DA:455,8
DA:456,8
DA:458,7
DA:462,2
DA:463,2
DA:464,1
DA:466,1
DA:468,1
LF:144
LH:135
BRDA:93,1,0,62
BRDA:93,1,1,2
BRDA:94,2,0,60
BRDA:94,2,1,2
BRDA:95,3,0,58
BRDA:95,3,1,2
BRDA:96,4,0,56
BRDA:96,4,1,2
BRDA:97,5,0,54
BRDA:97,5,1,2
BRDA:102,6,0,65
BRDA:102,6,1,6
BRDA:107,7,0,4
BRDA:107,7,1,2
BRDA:108,8,0,2
BRDA:108,8,1,2
BRDA:112,9,0,33
BRDA:112,9,1,1
BRDA:113,10,0,32
BRDA:113,10,1,1
BRDA:114,11,0,30
BRDA:114,11,1,2
BRDA:120,12,0,50
BRDA:120,12,1,5
BRDA:162,13,0,46
BRDA:162,13,1,4
BRDA:165,14,0,4
BRDA:165,14,1,0
BRDA:173,15,0,4
BRDA:173,15,1,5
BRDA:173,16,0,3
BRDA:173,16,1,1
BRDA:176,17,0,2
BRDA:176,17,1,1
BRDA:177,18,0,1
BRDA:177,18,1,1
BRDA:201,19,0,8
BRDA:201,19,1,1
BRDA:203,20,0,7
BRDA:203,20,1,1
BRDA:204,21,0,6
BRDA:204,21,1,1
BRDA:215,22,0,5
BRDA:215,22,1,1
BRDA:218,23,0,4
BRDA:218,23,1,1
BRDA:219,24,0,3
BRDA:219,24,1,1
BRDA:220,25,0,2
BRDA:220,25,1,1
BRDA:231,26,0,27
BRDA:231,26,1,1
BRDA:234,27,0,26
BRDA:234,27,1,1
BRDA:235,28,0,25
BRDA:235,28,1,1
BRDA:237,29,0,24
BRDA:237,29,1,1
BRDA:252,30,0,21
BRDA:252,30,1,1
BRDA:255,31,0,20
BRDA:255,31,1,1
BRDA:256,32,0,19
BRDA:256,32,1,1
BRDA:257,33,0,18
BRDA:257,33,1,1
BRDA:258,34,0,17
BRDA:258,34,1,1
BRDA:261,35,0,16
BRDA:261,35,1,1
BRDA:264,36,0,15
BRDA:264,36,1,1
BRDA:283,37,0,6
BRDA:283,37,1,1
BRDA:286,38,0,1
BRDA:286,38,1,6
BRDA:295,39,0,5
BRDA:295,39,1,2
BRDA:296,40,0,5
BRDA:296,40,1,0
BRDA:300,41,0,4
BRDA:300,41,1,1
BRDA:306,42,0,7
BRDA:306,42,1,0
BRDA:310,43,0,0
BRDA:310,43,1,0
BRDA:311,44,0,0
BRDA:311,44,1,0
BRDA:318,45,0,0
BRDA:318,45,1,0
BRDA:322,46,0,0
BRDA:322,46,1,0
BRDA:323,47,0,0
BRDA:323,47,1,0
BRDA:330,48,0,0
BRDA:330,48,1,0
BRDA:355,49,0,58
BRDA:355,49,1,7
BRDA:356,50,0,57
BRDA:356,50,1,1
BRDA:358,51,0,7
BRDA:358,51,1,57
BRDA:360,52,0,6
BRDA:360,52,1,1
BRDA:370,53,0,57
BRDA:370,53,1,6
BRDA:371,54,0,55
BRDA:371,54,1,2
BRDA:372,55,0,48
BRDA:372,55,1,7
BRDA:377,56,0,6
BRDA:377,56,1,55
BRDA:378,57,0,5
BRDA:378,57,1,1
BRDA:387,58,0,9
BRDA:387,58,1,1
BRDA:387,59,0,1
BRDA:387,59,1,8
BRDA:391,60,0,7
BRDA:391,60,1,1
BRDA:399,61,0,8
BRDA:399,61,1,1
BRDA:409,62,0,1
BRDA:409,62,1,2
BRDA:424,63,0,1
BRDA:424,63,1,2
BRDA:428,64,0,1
BRDA:428,64,1,0
BRDA:437,65,0,1
BRDA:437,65,1,0
BRDA:446,66,0,1
BRDA:446,66,1,1
BRDA:456,67,0,7
BRDA:456,67,1,1
BRDA:461,68,0,2
BRDA:461,68,1,1
BRDA:463,69,0,1
BRDA:463,69,1,1
BRDA:466,70,0,1
BRDA:466,70,1,0
BRF:140
BRH:122
end_of_record
TN:
SF:/home/gia/Desktop/NFT-Marketplace/packages/contracts/src/Mock/MockERC1155.sol
FN:7,constructor
FN:9,mint
FNF:2
FNH:2
FNDA:1,constructor
FNDA:3,mint
DA:10,3
DA:11,3
LF:2
LH:2
BRF:0
BRH:0
end_of_record
TN:
SF:/home/gia/Desktop/NFT-Marketplace/packages/contracts/src/Mock/MockERC721.sol
FN:7,constructor
FN:9,mint
FNF:2
FNH:2
FNDA:1,constructor
FNDA:3,mint
DA:10,3
DA:11,3
LF:2
LH:2
BRF:0
BRH:0
end_of_record
TN:
SF:/home/gia/Desktop/NFT-Marketplace/packages/contracts/src/Mock/MockReceiver.sol
FNF:0
FNH:0
LF:0
LH:0
BRF:0
BRH:0
end_of_record
TN:
SF:/home/gia/Desktop/NFT-Marketplace/packages/contracts/src/Mock/MockToken.sol
FN:15,constructor
FN:17,mint
FN:21,setTransferFailType
FN:25,transferFrom
FNF:4
FNH:4
FNDA:2,constructor
FNDA:4,mint
FNDA:2,setTransferFailType
FNDA:12,transferFrom
DA:18,4
DA:22,2
DA:26,12
DA:27,1
DA:29,11
DA:30,1
DA:32,10
LF:7
LH:7
BRDA:17,1,0,4
BRDA:17,1,1,0
BRDA:26,2,0,1
BRDA:26,2,1,11
BRDA:29,3,0,1
BRDA:29,3,1,10
BRF:6
BRH:5
end_of_record
