TN:
SF:/home/gia/Desktop/NFT-Marketplace/packages/contracts/src/Listing.sol
FN:88,constructor
FN:92,validParams
FN:106,listingExists
FN:111,validRange
FN:117,setCurrencyFee
FN:124,createListing
FN:164,getTokenType
FN:177,updateListing
FN:205,cancelListing
FN:219,approveBuyerForListing
FN:235,approveCurrencyForListing
FN:256,buyFromListing
FN:318,ensureCanReceiveToken
FN:353,_isContract
FN:361,checkSellerTokenOwnership
FN:377,checkSellerApproval
FN:398,checkBuyerApproval
FN:403,checkBuyerAllowance
FN:410,checkBuyerBalance
FN:423,totalListings
FN:430,getAllListings
FN:445,getAllValidListings
FN:467,getListing
FN:471,getUserOwnedListings
FN:475,getCurrencyFee
FN:482,withdrawFees
FNF:26
FNH:26
FNDA:1,constructor
FNDA:69,validParams
FNDA:79,listingExists
FNDA:6,validRange
FNDA:37,setCurrencyFee
FNDA:54,createListing
FNDA:113,getTokenType
FNDA:3,updateListing
FNDA:8,cancelListing
FNDA:5,approveBuyerForListing
FNDA:31,approveCurrencyForListing
FNDA:25,buyFromListing
FNDA:11,ensureCanReceiveToken
FNDA:11,_isContract
FNDA:73,checkSellerTokenOwnership
FNDA:71,checkSellerApproval
FNDA:14,checkBuyerApproval
FNDA:12,checkBuyerAllowance
FNDA:13,checkBuyerBalance
FNDA:1,totalListings
FNDA:1,getAllListings
FNDA:1,getAllValidListings
FNDA:1,getListing
FNDA:3,getUserOwnedListings
FNDA:12,getCurrencyFee
FNDA:3,withdrawFees
DA:89,1
DA:93,69
DA:94,67
DA:95,65
DA:96,63
DA:97,61
DA:99,59
DA:100,59
DA:101,54
DA:103,58
DA:107,79
DA:108,73
DA:112,6
DA:113,4
DA:114,2
DA:118,37
DA:119,35
DA:121,35
DA:125,54
DA:127,54
DA:128,54
DA:130,54
DA:132,54
DA:146,54
DA:147,54
DA:149,54
DA:161,54
DA:165,113
DA:166,113
DA:167,103
DA:169,10
DA:171,0
DA:178,3
DA:180,3
DA:181,2
DA:183,1
DA:184,1
DA:185,1
DA:186,1
DA:187,1
DA:188,1
DA:189,1
DA:190,1
DA:192,1
DA:206,8
DA:207,8
DA:208,7
DA:210,6
DA:212,6
DA:220,5
DA:222,5
DA:223,4
DA:224,3
DA:226,2
DA:228,2
DA:236,31
DA:238,31
DA:239,30
DA:241,29
DA:242,28
DA:244,1
DA:247,29
DA:257,25
DA:259,25
DA:260,24
DA:261,23
DA:262,22
DA:264,21
DA:265,21
DA:267,20
DA:268,20
DA:270,19
DA:277,17
DA:279,14
DA:280,13
DA:281,12
DA:283,11
DA:285,11
DA:286,11
DA:288,11
DA:289,3
DA:291,2
DA:293,2
DA:294,2
DA:296,8
DA:297,7
DA:298,7
DA:299,5
DA:302,7
DA:304,7
DA:305,6
DA:307,7
DA:308,1
DA:311,7
DA:313,7
DA:314,6
DA:319,11
DA:320,11
DA:323,0
DA:324,0
DA:328,0
DA:331,0
DA:333,0
DA:336,0
DA:340,0
DA:343,0
DA:348,0
DA:354,11
DA:355,11
DA:358,11
DA:368,73
DA:369,64
DA:371,72
DA:372,9
DA:373,9
DA:383,71
DA:384,63
DA:390,69
DA:391,8
DA:399,14
DA:400,14
DA:404,12
DA:405,9
DA:406,9
DA:411,13
DA:413,13
DA:414,3
DA:416,10
DA:419,13
DA:424,1
DA:431,1
DA:432,1
DA:434,1
DA:435,1
DA:436,1
DA:439,1
DA:446,1
DA:448,1
DA:449,1
DA:450,1
DA:454,1
DA:455,1
DA:457,1
DA:458,1
DA:459,1
DA:460,1
DA:464,1
DA:468,1
DA:472,3
DA:476,12
DA:477,12
DA:479,11
DA:483,3
DA:485,3
DA:486,2
DA:488,2
DA:489,1
DA:490,1
DA:492,1
DA:495,2
LF:160
LH:150
BRDA:93,1,0,67
BRDA:93,1,1,2
BRDA:94,2,0,65
BRDA:94,2,1,2
BRDA:95,3,0,63
BRDA:95,3,1,2
BRDA:96,4,0,61
BRDA:96,4,1,2
BRDA:97,5,0,59
BRDA:97,5,1,2
BRDA:100,6,0,54
BRDA:100,6,1,5
BRDA:101,7,0,53
BRDA:101,7,1,1
BRDA:107,8,0,73
BRDA:107,8,1,6
BRDA:112,9,0,4
BRDA:112,9,1,2
BRDA:113,10,0,2
BRDA:113,10,1,2
BRDA:117,11,0,37
BRDA:117,11,1,1
BRDA:118,12,0,35
BRDA:118,12,1,2
BRDA:124,13,0,54
BRDA:124,13,1,6
BRDA:166,14,0,103
BRDA:166,14,1,10
BRDA:168,15,0,10
BRDA:168,15,1,0
BRDA:177,16,0,4
BRDA:177,16,1,5
BRDA:177,17,0,3
BRDA:177,17,1,1
BRDA:180,18,0,2
BRDA:180,18,1,1
BRDA:181,19,0,1
BRDA:181,19,1,1
BRDA:205,20,0,8
BRDA:205,20,1,1
BRDA:207,21,0,7
BRDA:207,21,1,1
BRDA:208,22,0,6
BRDA:208,22,1,1
BRDA:219,23,0,5
BRDA:219,23,1,1
BRDA:222,24,0,4
BRDA:222,24,1,1
BRDA:223,25,0,3
BRDA:223,25,1,1
BRDA:224,26,0,2
BRDA:224,26,1,1
BRDA:235,27,0,31
BRDA:235,27,1,1
BRDA:238,28,0,30
BRDA:238,28,1,1
BRDA:239,29,0,29
BRDA:239,29,1,1
BRDA:241,30,0,28
BRDA:241,30,1,1
BRDA:256,31,0,25
BRDA:256,31,1,1
BRDA:259,32,0,24
BRDA:259,32,1,1
BRDA:260,33,0,23
BRDA:260,33,1,1
BRDA:261,34,0,22
BRDA:261,34,1,1
BRDA:262,35,0,21
BRDA:262,35,1,1
BRDA:265,36,0,20
BRDA:265,36,1,1
BRDA:268,37,0,19
BRDA:268,37,1,1
BRDA:288,38,0,3
BRDA:288,38,1,8
BRDA:289,39,0,2
BRDA:289,39,1,1
BRDA:296,40,0,7
BRDA:296,40,1,1
BRDA:298,41,0,5
BRDA:298,41,1,2
BRDA:299,42,0,5
BRDA:299,42,1,0
BRDA:304,43,0,6
BRDA:304,43,1,1
BRDA:307,44,0,1
BRDA:307,44,1,6
BRDA:313,45,0,6
BRDA:313,45,1,1
BRDA:319,46,0,11
BRDA:319,46,1,0
BRDA:323,47,0,0
BRDA:323,47,1,0
BRDA:324,48,0,0
BRDA:324,48,1,0
BRDA:331,49,0,0
BRDA:331,49,1,0
BRDA:335,50,0,0
BRDA:335,50,1,0
BRDA:336,51,0,0
BRDA:336,51,1,0
BRDA:343,52,0,0
BRDA:343,52,1,0
BRDA:368,53,0,64
BRDA:368,53,1,9
BRDA:369,54,0,63
BRDA:369,54,1,1
BRDA:371,55,0,9
BRDA:371,55,1,63
BRDA:373,56,0,8
BRDA:373,56,1,1
BRDA:383,57,0,63
BRDA:383,57,1,8
BRDA:384,58,0,61
BRDA:384,58,1,2
BRDA:385,59,0,54
BRDA:385,59,1,7
BRDA:390,60,0,8
BRDA:390,60,1,61
BRDA:391,61,0,7
BRDA:391,61,1,1
BRDA:400,62,0,13
BRDA:400,62,1,1
BRDA:400,63,0,1
BRDA:400,63,1,12
BRDA:404,64,0,9
BRDA:404,64,1,3
BRDA:406,65,0,8
BRDA:406,65,1,1
BRDA:413,66,0,3
BRDA:413,66,1,10
BRDA:419,67,0,12
BRDA:419,67,1,1
BRDA:430,68,0,1
BRDA:430,68,1,2
BRDA:445,69,0,1
BRDA:445,69,1,2
BRDA:449,70,0,1
BRDA:449,70,1,0
BRDA:458,71,0,1
BRDA:458,71,1,0
BRDA:467,72,0,1
BRDA:467,72,1,1
BRDA:477,73,0,11
BRDA:477,73,1,1
BRDA:482,74,0,3
BRDA:482,74,1,1
BRDA:485,75,0,2
BRDA:485,75,1,1
BRDA:488,76,0,1
BRDA:488,76,1,1
BRDA:490,77,0,1
BRDA:490,77,1,0
BRDA:492,78,0,1
BRDA:492,78,1,0
BRF:156
BRH:137
end_of_record
TN:
SF:/home/gia/Desktop/NFT-Marketplace/packages/contracts/src/Mock/MockERC1155.sol
FN:7,constructor
FN:9,mint
FNF:2
FNH:2
FNDA:1,constructor
FNDA:3,mint
DA:10,3
DA:11,3
LF:2
LH:2
BRF:0
BRH:0
end_of_record
TN:
SF:/home/gia/Desktop/NFT-Marketplace/packages/contracts/src/Mock/MockERC721.sol
FN:7,constructor
FN:9,mint
FNF:2
FNH:2
FNDA:1,constructor
FNDA:3,mint
DA:10,3
DA:11,3
LF:2
LH:2
BRF:0
BRH:0
end_of_record
TN:
SF:/home/gia/Desktop/NFT-Marketplace/packages/contracts/src/Mock/MockReceiver.sol
FN:5,buy
FNF:1
FNH:0
FNDA:0,buy
DA:6,0
LF:1
LH:0
BRF:0
BRH:0
end_of_record
TN:
SF:/home/gia/Desktop/NFT-Marketplace/packages/contracts/src/Mock/MockToken.sol
FN:15,constructor
FN:17,mint
FN:21,setTransferFailType
FN:25,transferFrom
FNF:4
FNH:4
FNDA:2,constructor
FNDA:4,mint
FNDA:2,setTransferFailType
FNDA:12,transferFrom
DA:18,4
DA:22,2
DA:26,12
DA:27,1
DA:29,11
DA:30,1
DA:32,10
LF:7
LH:7
BRDA:17,1,0,4
BRDA:17,1,1,0
BRDA:26,2,0,1
BRDA:26,2,1,11
BRDA:29,3,0,1
BRDA:29,3,1,10
BRF:6
BRH:5
end_of_record
